  Compiling CUDA source file cuda_main.cu...
  
  C:\VSproject\RayTracingInOneWeekend_CUDA\RayTracingInOneWeekend_CUDA>"C:\Program Files\NVIDIA GPU Computing Toolkit\CUDA\v11.0\bin\nvcc.exe" -gencode=arch=compute_52,code=\"sm_52,compute_52\" --use-local-env -ccbin "C:\Program Files (x86)\Microsoft Visual Studio\2019\Community\VC\Tools\MSVC\14.27.29110\bin\HostX86\x64" -x cu   -I"C:\Program Files\NVIDIA GPU Computing Toolkit\CUDA\v11.0\include" -I"C:\Program Files\NVIDIA GPU Computing Toolkit\CUDA\v11.0\include"  -G -lineinfo  --keep-dir x64\Debug -maxrregcount=100  --machine 64 --compile -cudart static  -g   -D_DEBUG -D_CONSOLE -D_UNICODE -DUNICODE -Xcompiler "/EHsc /W3 /nologo /Od /Fdx64\Debug\vc142.pdb /FS /Zi /RTC1 /MDd " -o x64\Debug\cuda_main.cu.obj "C:\VSproject\RayTracingInOneWeekend_CUDA\RayTracingInOneWeekend_CUDA\cuda_main.cu" 
C:\VSproject\RayTracingInOneWeekend_CUDA\RayTracingInOneWeekend_CUDA\stb_image.h(4183): warning : variable "old_limit" was set but never used
  
C:\VSproject\RayTracingInOneWeekend_CUDA\RayTracingInOneWeekend_CUDA\stb_image.h(5096): warning : variable "idata_limit_old" was set but never used
  
C:\VSproject\RayTracingInOneWeekend_CUDA\RayTracingInOneWeekend_CUDA\stb_image.h(6881): warning : variable "out_size" was set but never used
  
C:\VSproject\RayTracingInOneWeekend_CUDA\RayTracingInOneWeekend_CUDA\stb_image.h(6882): warning : variable "delays_size" was set but never used
  
C:\VSproject\RayTracingInOneWeekend_CUDA\RayTracingInOneWeekend_CUDA\ray.h(7): warning : __device__ annotation is ignored on a function("Ray") that is explicitly defaulted on its first declaration
  
C:\VSproject\RayTracingInOneWeekend_CUDA\RayTracingInOneWeekend_CUDA\object\AABB.h(20): warning : a __device__ function("AABB::hit") redeclared without __device__, hence treated as a __host__ __device__ function
  
C:\VSproject\RayTracingInOneWeekend_CUDA\RayTracingInOneWeekend_CUDA\object\objectList.h(21): warning : a __device__ function("ObjectList::hit") redeclared without __device__, hence treated as a __host__ __device__ function
  
C:\VSproject\RayTracingInOneWeekend_CUDA\RayTracingInOneWeekend_CUDA\object\objectList.h(36): warning : a __device__ function("ObjectList::boundingBox") redeclared without __device__, hence treated as a __host__ __device__ function
  
C:\VSproject\RayTracingInOneWeekend_CUDA\RayTracingInOneWeekend_CUDA\object\sphere.h(32): warning : a __device__ function("Sphere::hit") redeclared without __device__, hence treated as a __host__ __device__ function
  
C:\VSproject\RayTracingInOneWeekend_CUDA\RayTracingInOneWeekend_CUDA\object\sphere.h(44): warning : initial value of reference to non-const must be an lvalue
  
C:\VSproject\RayTracingInOneWeekend_CUDA\RayTracingInOneWeekend_CUDA\object\sphere.h(55): warning : initial value of reference to non-const must be an lvalue
  
C:\VSproject\RayTracingInOneWeekend_CUDA\RayTracingInOneWeekend_CUDA\object\sphere.h(66): warning : a __device__ function("Sphere::boundingBox") redeclared without __device__, hence treated as a __host__ __device__ function
  
C:\VSproject\RayTracingInOneWeekend_CUDA\RayTracingInOneWeekend_CUDA\object\sphereMoving.h(27): warning : a __device__ function("SphereMoving::hit") redeclared without __device__, hence treated as a __host__ __device__ function
  
C:\VSproject\RayTracingInOneWeekend_CUDA\RayTracingInOneWeekend_CUDA\object\sphereMoving.h(61): warning : a __device__ function("SphereMoving::boundingBox") redeclared without __device__, hence treated as a __host__ __device__ function
  
C:\VSproject\RayTracingInOneWeekend_CUDA\RayTracingInOneWeekend_CUDA\object\sphereMoving.h(67): warning : a __device__ function("SphereMoving::center") redeclared without __device__, hence treated as a __host__ __device__ function
  
C:\VSproject\RayTracingInOneWeekend_CUDA\RayTracingInOneWeekend_CUDA\object\BVHnode.h(55): warning : a __device__ function("BVHnode::hit") redeclared without __device__, hence treated as a __host__ __device__ function
  
C:\VSproject\RayTracingInOneWeekend_CUDA\RayTracingInOneWeekend_CUDA\object\BVHnode.h(64): warning : a __device__ function("BVHnode::boundingBox") redeclared without __device__, hence treated as a __host__ __device__ function
  
C:\VSproject\RayTracingInOneWeekend_CUDA\RayTracingInOneWeekend_CUDA\object\BVHnode.h(69): warning : a __device__ function("BVHnode::BVHnode") redeclared without __device__, hence treated as a __host__ __device__ function
  
C:\VSproject\RayTracingInOneWeekend_CUDA\RayTracingInOneWeekend_CUDA\material\..\texture\RGBtexture.h(17): warning : a __device__ function("RGBtexture::value") redeclared without __device__, hence treated as a __host__ __device__ function
  
C:\VSproject\RayTracingInOneWeekend_CUDA\RayTracingInOneWeekend_CUDA\material\lambertian.h(17): warning : a __device__ function("Lambertian::scatter") redeclared without __device__, hence treated as a __host__ __device__ function
  
C:\VSproject\RayTracingInOneWeekend_CUDA\RayTracingInOneWeekend_CUDA\material\matel.h(20): warning : a __device__ function("Matel::scatter") redeclared without __device__, hence treated as a __host__ __device__ function
  
C:\VSproject\RayTracingInOneWeekend_CUDA\RayTracingInOneWeekend_CUDA\material\dielectric.h(15): warning : a __device__ function("Dielectric::scatter") redeclared without __device__, hence treated as a __host__ __device__ function
  
C:\VSproject\RayTracingInOneWeekend_CUDA\RayTracingInOneWeekend_CUDA\texture\CheckerTexture.h(18): warning : a __device__ function("CheckerTexture::value") redeclared without __device__, hence treated as a __host__ __device__ function
  
C:\VSproject\RayTracingInOneWeekend_CUDA\RayTracingInOneWeekend_CUDA\texture\ImageTexture.h(19): warning : a __device__ function("ImageTexture::value") redeclared without __device__, hence treated as a __host__ __device__ function
  
CUDACOMPILE : ptxas warning : Conflicting options --device-debug and --generate-line-info specified, ignoring --generate-line-info option
CUDACOMPILE : ptxas warning : Stack size for entry function '_Z6renderPhiiPP6CameraPP6ObjectiiP17curandStateXORWOW' cannot be statically determined
C:\VSproject\RayTracingInOneWeekend_CUDA\RayTracingInOneWeekend_CUDA\ray.h(7): warning : __device__ annotation is ignored on a function("Ray") that is explicitly defaulted on its first declaration
  
C:\VSproject\RayTracingInOneWeekend_CUDA\RayTracingInOneWeekend_CUDA\object\sphere.h(44): warning : initial value of reference to non-const must be an lvalue
  
C:\VSproject\RayTracingInOneWeekend_CUDA\RayTracingInOneWeekend_CUDA\object\sphere.h(55): warning : initial value of reference to non-const must be an lvalue
  
CUDACOMPILE : nvcc warning : '--device-debug (-G)' overrides '--generate-line-info (-lineinfo)'
  cuda_main.cu
  RayTracingInOneWeekend_CUDA.vcxproj -> C:\VSproject\RayTracingInOneWeekend_CUDA\x64\Debug\RayTracingInOneWeekend_CUDA.exe
